2024-04-07 23:13:19,340 :INFO :test_loginWithRemember :Step-1: Opening the Ticketing Page
2024-04-07 23:13:24,341 :INFO :test_loginWithRemember :Step-2: Clicking on the Login Button
2024-04-07 23:13:25,521 :INFO :test_loginWithRemember :Step-3: Entering the Invalid Email Address
2024-04-07 23:13:30,643 :INFO :test_loginWithRemember :Step-4: Entering the Password
2024-04-07 23:13:30,755 :INFO :test_loginWithRemember :Step-5: Checking the remember me checkbox
2024-04-07 23:13:35,809 :INFO :test_loginWithRemember :Step-6: Clicking the Login Button
2024-04-07 23:13:48,058 :INFO :test_loginWithRemember :Step-1: Opening the Ticketing Page
2024-04-07 23:13:48,058 :INFO :test_loginWithRemember :Step-1: Opening the Ticketing Page
2024-04-07 23:13:53,059 :INFO :test_loginWithRemember :Step-2: Clicking on the Login Button
2024-04-07 23:13:53,059 :INFO :test_loginWithRemember :Step-2: Clicking on the Login Button
2024-04-07 23:13:56,052 :INFO :test_loginWithRemember :Step-3: Entering the Email Address
2024-04-07 23:13:56,052 :INFO :test_loginWithRemember :Step-3: Entering the Email Address
2024-04-07 23:14:01,154 :INFO :test_loginWithRemember :Step-4: Entering the Password
2024-04-07 23:14:01,154 :INFO :test_loginWithRemember :Step-4: Entering the Password
2024-04-07 23:14:01,235 :INFO :test_loginWithRemember :Step-5: Checking the remember me checkbox
2024-04-07 23:14:01,235 :INFO :test_loginWithRemember :Step-5: Checking the remember me checkbox
2024-04-07 23:14:06,288 :INFO :test_loginWithRemember :Step-6: Clicking the Login Button
2024-04-07 23:14:06,288 :INFO :test_loginWithRemember :Step-6: Clicking the Login Button
2024-04-07 23:14:32,871 :INFO :test_loginWithRemember :Step-1: Opening the Ticketing Page
2024-04-07 23:14:32,871 :INFO :test_loginWithRemember :Step-1: Opening the Ticketing Page
2024-04-07 23:14:32,871 :INFO :test_loginWithRemember :Step-1: Opening the Ticketing Page
2024-04-07 23:14:37,872 :INFO :test_loginWithRemember :Step-2: Clicking on the Login Button
2024-04-07 23:14:37,872 :INFO :test_loginWithRemember :Step-2: Clicking on the Login Button
2024-04-07 23:14:37,872 :INFO :test_loginWithRemember :Step-2: Clicking on the Login Button
2024-04-07 23:14:38,252 :INFO :test_loginWithRemember :Step-3: Entering the Email Address
2024-04-07 23:14:38,252 :INFO :test_loginWithRemember :Step-3: Entering the Email Address
2024-04-07 23:14:38,252 :INFO :test_loginWithRemember :Step-3: Entering the Email Address
2024-04-07 23:14:43,421 :INFO :test_loginWithRemember :Step-4: Entering the Password
2024-04-07 23:14:43,421 :INFO :test_loginWithRemember :Step-4: Entering the Password
2024-04-07 23:14:43,421 :INFO :test_loginWithRemember :Step-4: Entering the Password
2024-04-07 23:14:43,517 :INFO :test_loginWithRemember :Step-5: Checking the remember me checkbox
2024-04-07 23:14:43,517 :INFO :test_loginWithRemember :Step-5: Checking the remember me checkbox
2024-04-07 23:14:43,517 :INFO :test_loginWithRemember :Step-5: Checking the remember me checkbox
2024-04-07 23:14:48,564 :INFO :test_loginWithRemember :Step-6: Clicking the Login Button
2024-04-07 23:14:48,564 :INFO :test_loginWithRemember :Step-6: Clicking the Login Button
2024-04-07 23:14:48,564 :INFO :test_loginWithRemember :Step-6: Clicking the Login Button
2024-04-07 23:26:48,163 :INFO :test_loginWithRemember :Step-1: Opening the Ticketing Page
2024-04-07 23:26:53,166 :INFO :test_loginWithRemember :Step-2: Clicking on the Login Button
2024-04-07 23:26:55,056 :INFO :test_loginWithRemember :Step-3: Entering the Email Address
2024-04-07 23:27:00,286 :INFO :test_loginWithRemember :Step-4: Entering the Password
2024-04-07 23:27:00,356 :INFO :test_loginWithRemember :Step-5: Checking the remember me checkbox
2024-04-07 23:27:05,413 :INFO :test_loginWithRemember :Step-6: Clicking the Login Button
2024-04-07 23:27:15,173 :INFO :test_loginWithRemember :Step-1: Opening the Ticketing Page
2024-04-07 23:27:15,173 :INFO :test_loginWithRemember :Step-1: Opening the Ticketing Page
2024-04-07 23:27:20,175 :INFO :test_loginWithRemember :Step-2: Clicking on the Login Button
2024-04-07 23:27:20,175 :INFO :test_loginWithRemember :Step-2: Clicking on the Login Button
2024-04-07 23:27:20,463 :INFO :test_loginWithRemember :Step-3: Entering the Email Address
2024-04-07 23:27:20,463 :INFO :test_loginWithRemember :Step-3: Entering the Email Address
2024-04-07 23:27:25,612 :INFO :test_loginWithRemember :Step-4: Entering the Password
2024-04-07 23:27:25,612 :INFO :test_loginWithRemember :Step-4: Entering the Password
2024-04-07 23:27:25,693 :INFO :test_loginWithRemember :Step-5: Checking the remember me checkbox
2024-04-07 23:27:25,693 :INFO :test_loginWithRemember :Step-5: Checking the remember me checkbox
2024-04-07 23:27:30,739 :INFO :test_loginWithRemember :Step-6: Clicking the Login Button
2024-04-07 23:27:30,739 :INFO :test_loginWithRemember :Step-6: Clicking the Login Button
2024-04-19 01:20:12,040 :INFO :test_loginWithRemember :Step-1: Opening the Ticketing Page
2024-04-19 01:20:17,042 :INFO :test_loginWithRemember :Step-2: Clicking on the Login Button
2024-04-19 01:20:17,860 :INFO :test_loginWithRemember :Step-3: Entering the Email Address
2024-04-19 01:20:22,991 :INFO :test_loginWithRemember :Step-4: Entering the Password
2024-04-19 01:20:23,096 :INFO :test_loginWithRemember :Step-5: Checking the remember me checkbox
2024-04-19 01:20:28,143 :INFO :test_loginWithRemember :Step-6: Clicking the Login Button
2024-04-19 01:20:55,247 :INFO :test_loginWithRemember :Step-1: Opening the Ticketing Page
2024-04-19 01:20:55,247 :INFO :test_loginWithRemember :Step-1: Opening the Ticketing Page
2024-04-19 01:21:00,248 :INFO :test_loginWithRemember :Step-2: Clicking on the Login Button
2024-04-19 01:21:00,248 :INFO :test_loginWithRemember :Step-2: Clicking on the Login Button
2024-04-19 01:21:00,503 :INFO :test_loginWithRemember :Step-3: Entering the Email Address
2024-04-19 01:21:00,503 :INFO :test_loginWithRemember :Step-3: Entering the Email Address
2024-04-19 01:21:05,607 :INFO :test_loginWithRemember :Step-4: Entering the Password
2024-04-19 01:21:05,607 :INFO :test_loginWithRemember :Step-4: Entering the Password
2024-04-19 01:21:05,742 :INFO :test_loginWithRemember :Step-5: Checking the remember me checkbox
2024-04-19 01:21:05,742 :INFO :test_loginWithRemember :Step-5: Checking the remember me checkbox
2024-04-19 01:21:10,788 :INFO :test_loginWithRemember :Step-6: Clicking the Login Button
2024-04-19 01:21:10,788 :INFO :test_loginWithRemember :Step-6: Clicking the Login Button
2024-04-19 19:25:51,500 :INFO :test_loginWithWrongPassword :Step-1: Opening the Ticketing Page
2024-04-19 19:25:54,502 :INFO :test_loginWithWrongPassword :Step-2: Clicking on the Login Button
2024-04-19 19:25:58,805 :INFO :test_loginWithWrongPassword :Step-3: Entering the Email Address
2024-04-19 19:26:01,903 :INFO :test_loginWithWrongPassword :Step-4: Entering the Wrong Password
2024-04-19 19:26:04,999 :INFO :test_loginWithWrongPassword :Step-5: Checking the remember me checkbox
2024-04-19 19:26:08,048 :INFO :test_loginWithWrongPassword :Step-6: Clicking the Login Button
2024-04-19 19:38:48,447 :INFO :test_loginWithWrongPassword :Step-1: Opening the Ticketing Page
2024-04-19 19:38:51,449 :INFO :test_loginWithWrongPassword :Step-2: Clicking on the Login Button
2024-04-19 19:39:14,491 :INFO :test_loginWithWrongPassword :Step-3: Entering the Email Address
2024-04-19 19:39:17,594 :INFO :test_loginWithWrongPassword :Step-4: Entering the Wrong Password
2024-04-19 19:39:20,692 :INFO :test_loginWithWrongPassword :Step-5: Checking the remember me checkbox
2024-04-19 19:39:23,741 :INFO :test_loginWithWrongPassword :Step-6: Clicking the Login Button
2024-04-19 19:41:30,956 :INFO :test_loginWithWrongPassword :Step-1: Opening the Ticketing Page
2024-04-19 19:41:33,958 :INFO :test_loginWithWrongPassword :Step-2: Clicking on the Login Button
2024-04-19 19:41:39,445 :INFO :test_loginWithWrongPassword :Step-3: Entering the Email Address
2024-04-19 19:41:42,604 :INFO :test_loginWithWrongPassword :Step-4: Entering the Wrong Password
2024-04-19 19:41:45,689 :INFO :test_loginWithWrongPassword :Step-5: Checking the remember me checkbox
2024-04-19 19:41:48,735 :INFO :test_loginWithWrongPassword :Step-6: Clicking the Login Button
2024-04-19 21:30:04,173 :INFO :test_addASupportTicket :Step-1: Opening the Ticketing Page
2024-04-19 21:30:07,176 :INFO :test_addASupportTicket :Step-2: Entering the User Name
2024-04-19 21:33:19,476 :INFO :test_addASupportTicket :Step-1: Opening the Ticketing Page
2024-04-19 21:33:22,478 :INFO :test_addASupportTicket :Step-2: Entering the User Name
2024-04-19 21:33:25,627 :INFO :test_addASupportTicket :Step-3: Entering the User Email
2024-04-19 21:33:28,742 :INFO :test_addASupportTicket :Step-4: Entering the Title
2024-04-19 21:33:31,876 :INFO :test_addASupportTicket :Step-5: Entering the Content
2024-04-19 21:33:34,986 :INFO :test_addASupportTicket :Step-6: Clicking the Submit Button
2024-04-19 23:28:08,859 :INFO :test_addASupportTicket :Step-1: Opening the Ticketing Page
2024-04-19 23:28:11,861 :INFO :test_addASupportTicket :Step-2: Entering the User Name
2024-04-19 23:28:15,696 :INFO :test_addASupportTicket :Step-3: Entering the User Email
2024-04-19 23:28:18,866 :INFO :test_addASupportTicket :Step-4: Entering the Title
2024-04-19 23:28:22,001 :INFO :test_addASupportTicket :Step-5: Entering the Content
2024-04-19 23:28:25,130 :INFO :test_addASupportTicket :Step-6: Clicking the Submit Button
